<?xml version="1.0" encoding="UTF-8"?>
<!-- Generated by org.testng.reporters.JUnitXMLReporter -->
<testsuite ignored="0" hostname="Madhavi-Vinay" failures="0" tests="7" name="Default XmlTest name e933f2c1-0455-4f4b-becf-c88d20465ebd" time="9.803" errors="0" timestamp="2024-10-05T17:57:12 IST">
  <testcase classname="org.automation.tests.contact.contact_version_1.Contact_Tests" name="checkContactUrl" time="0.354"/>
  <testcase classname="org.automation.tests.contact.contact_version_1.Contact_Tests" name="contactLoginTest" time="0.789"/>
  <testcase classname="org.automation.tests.contact.contact_version_1.Contact_Tests" name="checkLogout" time="1.328"/>
  <testcase classname="org.automation.tests.para.para_version_1.Para_Tests" name="registerUser" time="2.829"/>
  <testcase classname="org.automation.tests.para.para_version_1.Para_Tests" name="checkParaUrl" time="1.266"/>
  <testcase classname="org.automation.tests.para.para_version_1.Para_Tests" name="paraLoginTest" time="0.057"/>
  <testcase classname="org.automation.tests.para.para_version_1.Para_Tests" name="checkLogout" time="0.789"/>
</testsuite> <!-- Default XmlTest name e933f2c1-0455-4f4b-becf-c88d20465ebd -->
