<?xml version="1.0" encoding="UTF-8"?>
<!-- Generated by org.testng.reporters.JUnitXMLReporter -->
<testsuite ignored="0" hostname="Madhavi-Vinay" failures="0" tests="6" name="Default XmlTest name a730f9a4-c395-4441-95c3-ff000b31948e" time="9.537" errors="0" timestamp="2024-09-29T19:47:41 IST">
  <testcase classname="org.automation.tests.contact.contact_version_1.Contact_Tests" name="checkContactUrl" time="0.803"/>
  <testcase classname="org.automation.tests.contact.contact_version_1.Contact_Tests" name="contactLoginTest" time="0.946"/>
  <testcase classname="org.automation.tests.para.para_version_1.Para_Tests" name="checkParaUrl" time="2.126"/>
  <testcase classname="org.automation.tests.para.para_version_1.Para_Tests" name="paraLoginTest" time="0.132"/>
  <testcase classname="org.automation.tests.contact.contact_version_1.Contact_Tests" name="checkLogout" time="1.93"/>
  <testcase classname="org.automation.tests.para.para_version_1.Para_Tests" name="checkLogout" time="2.012"/>
</testsuite> <!-- Default XmlTest name a730f9a4-c395-4441-95c3-ff000b31948e -->
