<?xml version="1.0" encoding="UTF-8"?>
<!-- Generated by org.testng.reporters.JUnitXMLReporter -->
<testsuite ignored="0" hostname="Madhavi-Vinay" failures="0" tests="7" name="Default XmlTest name aa55457e-d696-4113-b919-456e6591037d" time="10.312" errors="0" timestamp="2024-10-05T13:20:50 IST">
  <testcase classname="org.automation.tests.contact.contact_version_1.Contact_Tests" name="checkContactUrl" time="0.301"/>
  <testcase classname="org.automation.tests.contact.contact_version_1.Contact_Tests" name="contactLoginTest" time="0.757"/>
  <testcase classname="org.automation.tests.contact.contact_version_1.Contact_Tests" name="checkLogout" time="1.33"/>
  <testcase classname="org.automation.tests.para.para_version_1.Para_Tests" name="registerUser" time="3.214"/>
  <testcase classname="org.automation.tests.para.para_version_1.Para_Tests" name="checkParaUrl" time="1.164"/>
  <testcase classname="org.automation.tests.para.para_version_1.Para_Tests" name="paraLoginTest" time="0.06"/>
  <testcase classname="org.automation.tests.para.para_version_1.Para_Tests" name="checkLogout" time="0.777"/>
</testsuite> <!-- Default XmlTest name aa55457e-d696-4113-b919-456e6591037d -->
