<?xml version="1.0" encoding="UTF-8"?>
<!-- Generated by org.testng.reporters.JUnitXMLReporter -->
<testsuite ignored="0" hostname="Madhavi-Vinay" failures="0" tests="7" name="Default XmlTest name 5a4323a4-c345-4a51-9832-21cf27585731" time="12.061" errors="0" timestamp="2024-10-05T17:54:20 IST">
  <testcase classname="org.automation.tests.contact.contact_version_1.Contact_Tests" name="checkContactUrl" time="0.27"/>
  <testcase classname="org.automation.tests.contact.contact_version_1.Contact_Tests" name="contactLoginTest" time="0.715"/>
  <testcase classname="org.automation.tests.contact.contact_version_1.Contact_Tests" name="checkLogout" time="1.199"/>
  <testcase classname="org.automation.tests.para.para_version_1.Para_Tests" name="registerUser" time="4.452"/>
  <testcase classname="org.automation.tests.para.para_version_1.Para_Tests" name="checkParaUrl" time="1.258"/>
  <testcase classname="org.automation.tests.para.para_version_1.Para_Tests" name="paraLoginTest" time="0.054"/>
  <testcase classname="org.automation.tests.para.para_version_1.Para_Tests" name="checkLogout" time="0.737"/>
</testsuite> <!-- Default XmlTest name 5a4323a4-c345-4a51-9832-21cf27585731 -->
