<?xml version="1.0" encoding="UTF-8"?>
<!-- Generated by org.testng.reporters.JUnitXMLReporter -->
<testsuite ignored="0" hostname="Madhavi-Vinay" failures="0" tests="7" name="Default XmlTest name 9a16ab62-3d5b-4521-9ab0-c05f67dcb3ff" time="9.288" errors="0" timestamp="2024-10-05T17:27:44 IST">
  <testcase classname="org.automation.tests.contact.contact_version_1.Contact_Tests" name="checkContactUrl" time="0.348"/>
  <testcase classname="org.automation.tests.contact.contact_version_1.Contact_Tests" name="contactLoginTest" time="0.715"/>
  <testcase classname="org.automation.tests.contact.contact_version_1.Contact_Tests" name="checkLogout" time="1.192"/>
  <testcase classname="org.automation.tests.para.para_version_1.Para_Tests" name="registerUser" time="3.188"/>
  <testcase classname="org.automation.tests.para.para_version_1.Para_Tests" name="checkParaUrl" time="1.298"/>
  <testcase classname="org.automation.tests.para.para_version_1.Para_Tests" name="paraLoginTest" time="0.065"/>
  <testcase classname="org.automation.tests.para.para_version_1.Para_Tests" name="checkLogout" time="0.763"/>
</testsuite> <!-- Default XmlTest name 9a16ab62-3d5b-4521-9ab0-c05f67dcb3ff -->
