<?xml version="1.0" encoding="UTF-8"?>
<!-- Generated by org.testng.reporters.JUnitXMLReporter -->
<testsuite ignored="0" hostname="Madhavi-Vinay" failures="0" tests="3" name="Default XmlTest name cd761000-e2f9-4206-8a92-aa13941d4ff4" time="6.085" errors="0" timestamp="2024-10-05T17:24:24 IST">
  <testcase classname="org.automation.tests.contact.contact_version_1.Contact_Tests" name="checkContactUrl" time="0.383"/>
  <testcase classname="org.automation.tests.contact.contact_version_1.Contact_Tests" name="contactLoginTest" time="0.735"/>
  <testcase classname="org.automation.tests.contact.contact_version_1.Contact_Tests" name="checkLogout" time="1.275"/>
</testsuite> <!-- Default XmlTest name cd761000-e2f9-4206-8a92-aa13941d4ff4 -->
