<?xml version="1.0" encoding="UTF-8"?>
<!-- Generated by org.testng.reporters.JUnitXMLReporter -->
<testsuite ignored="0" hostname="HSNAP-Zxz4FEeH3" failures="0" tests="5" name="Test" time="27.026" errors="0" timestamp="2024-07-18T17:26:07 IST">
  <testcase classname="org.automation.tests.pi.pi_version_4_x.PI_Tests" name="loginTest" time="0.02"/>
  <testcase classname="org.automation.tests.pi.pi_version_4_x.PI_Tests" name="explorePageVerification" time="3.094"/>
  <testcase classname="org.automation.tests.pi.pi_version_4_x.PI_Tests" name="portfolioPageVerification" time="4.549"/>
  <testcase classname="org.automation.tests.pi.pi_version_4_x.PI_Tests" name="configurationPageVerification" time="3.101"/>
  <testcase classname="org.automation.tests.pi.pi_version_4_x.PI_Tests" name="historyPageVerification" time="3.115"/>
</testsuite> <!-- Test -->
