<?xml version="1.0" encoding="UTF-8"?>
<testsuite xmlns:xsi="http://www.w3.org/2001/XMLSchema-instance" xsi:noNamespaceSchemaLocation="https://maven.apache.org/surefire/maven-surefire-plugin/xsd/surefire-test-report-3.0.xsd" version="3.0" name="TestSuite" time="11.031" tests="7" errors="0" skipped="0" failures="0">
  <properties>
[...]
</properties>
  <testcase name="checkContactUrl" classname="org.automation.tests.contact.contact_version_1.Contact_Tests" time="0.362">
    <system-err><![CDATA[SLF4J: Failed to load class "org.slf4j.impl.StaticLoggerBinder".
SLF4J: Defaulting to no-operation (NOP) logger implementation
SLF4J: See http://www.slf4j.org/codes.html#StaticLoggerBinder for further details.
Oct 05, 2024 5:57:04 PM org.openqa.selenium.devtools.CdpVersionFinder findNearestMatch
WARNING: Unable to find CDP implementation matching 129
Oct 05, 2024 5:57:04 PM org.openqa.selenium.devtools.CdpVersionFinder findNearestMatch
WARNING: Unable to find CDP implementation matching 129
Oct 05, 2024 5:57:04 PM org.openqa.selenium.chromium.ChromiumDriver lambda$new$5
WARNING: Unable to find version of CDP to use for 129.0.6668.90. You may need to include a dependency on a specific version of the CDP using something similar to `org.seleniumhq.selenium:selenium-devtools-v86:4.18.1` where the version ("v86") matches the version of the chromium-based browser you're using and the version number of the artifact is the same as Selenium's.
Oct 05, 2024 5:57:04 PM org.openqa.selenium.chromium.ChromiumDriver lambda$new$5
WARNING: Unable to find version of CDP to use for 129.0.6668.90. You may need to include a dependency on a specific version of the CDP using something similar to `org.seleniumhq.selenium:selenium-devtools-v86:4.18.1` where the version ("v86") matches the version of the chromium-based browser you're using and the version number of the artifact is the same as Selenium's.
Oct 05, 2024 5:57:04 PM org.automation.utilities.HelperClass initDriver
INFO: Driver initialized for browser: chrome
Oct 05, 2024 5:57:04 PM org.automation.utilities.HelperClass initDriver
INFO: Driver initialized for browser: chrome
]]></system-err>
  </testcase>
  <testcase name="contactLoginTest" classname="org.automation.tests.contact.contact_version_1.Contact_Tests" time="0.79"/>
  <testcase name="checkLogout" classname="org.automation.tests.contact.contact_version_1.Contact_Tests" time="0.705"/>
  <testcase name="registerUser" classname="org.automation.tests.para.para_version_1.Para_Tests" time="2.827"/>
  <testcase name="checkParaUrl" classname="org.automation.tests.para.para_version_1.Para_Tests" time="1.268"/>
  <testcase name="paraLoginTest" classname="org.automation.tests.para.para_version_1.Para_Tests" time="0.058"/>
  <testcase name="checkLogout" classname="org.automation.tests.para.para_version_1.Para_Tests" time="0.789"/>
</testsuite>